<?xml version="1.0" encoding="UTF-8"?>
<testng-results ignored="0" total="1" passed="1" failed="0" skipped="0">
  <reporter-output>
  </reporter-output>
  <suite started-at="2021-09-08T23:35:54 IST" name="Default suite" finished-at="2021-09-08T23:35:55 IST" duration-ms="854">
    <groups>
      <group name="cucumber">
        <method signature="AbstractTestNGCucumberTests.runScenario(io.cucumber.testng.PickleWrapper,io.cucumber.testng.FeatureWrapper)[pri:0, instance:testRunner.TestNGTestRunner@33990a0c]" name="runScenario" class="io.cucumber.testng.AbstractTestNGCucumberTests"/>
      </group> <!-- cucumber -->
    </groups>
    <test started-at="2021-09-08T23:35:54 IST" name="Default test" finished-at="2021-09-08T23:35:55 IST" duration-ms="854">
      <class name="testRunner.TestNGTestRunner">
        <test-method is-config="true" signature="setUpClass()[pri:0, instance:testRunner.TestNGTestRunner@33990a0c]" started-at="2021-09-08T23:35:54 IST" name="setUpClass" finished-at="2021-09-08T23:35:55 IST" duration-ms="487" status="PASS">
          <reporter-output>
          </reporter-output>
        </test-method> <!-- setUpClass -->
        <test-method signature="runScenario(io.cucumber.testng.PickleWrapper,io.cucumber.testng.FeatureWrapper)[pri:0, instance:testRunner.TestNGTestRunner@33990a0c]" started-at="2021-09-08T23:35:55 IST" name="runScenario" description="Runs Cucumber Scenarios" data-provider="scenarios" finished-at="2021-09-08T23:35:55 IST" duration-ms="255" status="PASS">
          <params>
            <param index="0">
              <value>
                <![CDATA["launching browser"]]>
              </value>
            </param>
            <param index="1">
              <value>
                <![CDATA["Optional[Google login]"]]>
              </value>
            </param>
          </params>
          <reporter-output>
          </reporter-output>
        </test-method> <!-- runScenario -->
        <test-method is-config="true" signature="tearDownClass()[pri:0, instance:testRunner.TestNGTestRunner@33990a0c]" started-at="2021-09-08T23:35:55 IST" name="tearDownClass" finished-at="2021-09-08T23:35:55 IST" duration-ms="5" status="PASS">
          <reporter-output>
          </reporter-output>
        </test-method> <!-- tearDownClass -->
      </class> <!-- testRunner.TestNGTestRunner -->
    </test> <!-- Default test -->
  </suite> <!-- Default suite -->
</testng-results>
